2025-06-29 06:14:20,784 - INFO - Search CLI v3.5.0-pure-hash initialized with pure content hash filenames
2025-06-29 06:14:20,784 - INFO - Validating setup...
2025-06-29 06:14:21,266 - INFO - Loaded 116 companies from watchlist
2025-06-29 06:14:21,266 - INFO - Setup validation passed
2025-06-29 06:14:21,623 - INFO - Search CLI v3.5.0-pure-hash initialized with pure content hash filenames
2025-06-29 06:14:21,623 - INFO - === Search Group Status ===
2025-06-29 06:14:21,623 - INFO - Version: 3.5.0-pure-hash
2025-06-29 06:14:21,623 - INFO - API Status: ready
2025-06-29 06:14:21,623 - INFO - API Calls: 0
2025-06-29 06:14:21,623 - INFO - Cache Hit Rate: 0.0%
2025-06-29 06:14:21,632 - INFO - MD Files Generated: 3516
2025-06-29 06:14:21,633 - INFO - Loaded 116 companies from watchlist
2025-06-29 06:14:21,633 - INFO - Total Companies in Watchlist: 116
2025-06-29 06:14:21,992 - INFO - Search CLI v3.5.0-pure-hash initialized with pure content hash filenames
2025-06-29 06:14:21,992 - INFO - Searching batch of 1 companies (saving 2 results each)...
2025-06-29 06:14:21,993 - INFO - Loaded 116 companies from watchlist
2025-06-29 06:14:21,993 - INFO - Searching 2412 中華電 (saving 2 results)...
2025-06-29 06:14:30,371 - INFO - 💾 Creating new content: 2412_中華電_factset_c0ab4904.md
2025-06-29 06:14:31,221 - INFO - 💾 Creating new content: 2412_中華電_factset_15495cfc.md
2025-06-29 06:14:31,222 - INFO - ✅ 2412 completed - 2 unique files from 2 results
2025-06-29 06:14:31,222 - INFO - Batch completed: 1/1 successful
2025-06-29 06:14:31,587 - INFO - Search CLI v3.5.0-pure-hash initialized with pure content hash filenames
2025-06-29 06:14:31,587 - INFO - === Search Group Status ===
2025-06-29 06:14:31,587 - INFO - Version: 3.5.0-pure-hash
2025-06-29 06:14:31,587 - INFO - API Status: ready
2025-06-29 06:14:31,587 - INFO - API Calls: 0
2025-06-29 06:14:31,588 - INFO - Cache Hit Rate: 0.0%
2025-06-29 06:14:31,597 - INFO - MD Files Generated: 3518
2025-06-29 06:14:31,597 - INFO - Companies Completed: 1
2025-06-29 06:14:31,597 - INFO - Average Quality Score: 8.0/10
2025-06-29 06:14:31,598 - INFO - Loaded 116 companies from watchlist
2025-06-29 06:14:31,598 - INFO - Total Companies in Watchlist: 116
