2025-06-25 06:13:51.556 [    INFO] factset_v332.config - _create_stage_logger:286 - v3.3.2 stage logger initialized: config
2025-06-25 06:13:51.556 [   DEBUG] factset_v332.config - _create_stage_logger:287 - Log file: logs/20250625/config_061351.log
2025-06-25 06:13:51.559 [    INFO] factset_v332.config - _load_dotenv:243 - No .env file found
2025-06-25 06:13:51.559 [    INFO] factset_v332.config - _load_config_v332:251 - Loading v3.3.2 enhanced configuration...
2025-06-25 06:13:51.559 [   DEBUG] factset_v332.config - _load_env_overrides_v332:341 - Loading environment variable overrides...
2025-06-25 06:13:51.559 [    INFO] factset_v332.config - _load_env_overrides_v332:380 - Applied 4 environment variable overrides
2025-06-25 06:13:51.559 [    INFO] factset_v332.config - _load_config_v332:328 - v3.3.2 configuration loaded successfully
2025-06-25 06:13:51.559 [   DEBUG] factset_v332.config - _validate_config:384 - Starting configuration validation...
2025-06-25 06:13:51.559 [    INFO] factset_v332.config - _validate_config:451 - Configuration validation passed
2025-06-25 06:13:51.973 [    INFO] factset_v332.config - download_watchlist_v332:459 - Downloading enhanced watchlist (v3.3.2)...
2025-06-25 06:13:52.078 [   DEBUG] factset_v332.config - _process_companies_csv:514 - Processing companies CSV...
2025-06-25 06:13:52.085 [    INFO] factset_v332.config - _process_companies_csv:561 - Processed 116 valid companies from CSV
2025-06-25 06:13:52.085 [    INFO] factset_v332.config - download_watchlist_v332:492 - Downloaded 116 companies (v3.3.2)
2025-06-25 08:13:37.817 [    INFO] factset_v332.config - load_config_v332:410 - Loading v3.3.2 enhanced configuration...
2025-06-25 08:13:37.817 [   DEBUG] factset_v332.config - load_env_overrides_v332:472 - Loading environment variable overrides...
2025-06-25 08:13:37.817 [    INFO] factset_v332.config - load_env_overrides_v332:530 - Applied 4 environment variable overrides
2025-06-25 08:13:37.817 [   DEBUG] factset_v332.config - validate_config_v332:539 - Starting configuration validation...
2025-06-25 08:13:37.817 [    INFO] factset_v332.config - validate_config_v332:613 - Configuration validation passed
2025-06-25 08:13:37.817 [    INFO] factset_v332.config - load_config_v332:434 - Configuration validation passed
2025-06-25 08:13:37.817 [    INFO] factset_v332.config - load_config_v332:440 - Target companies not in config, downloading...
2025-06-25 08:13:37.817 [    INFO] factset_v332.config - download_target_companies_v332:165 - Starting v3.3.2 enhanced watchlist download (force_refresh=False)
2025-06-25 08:13:37.817 [    INFO] factset_v332.config - download_target_companies_v332:182 - Downloading target companies from 觀察名單.csv (v3.3.2 enhanced)...
2025-06-25 08:13:37.817 [   DEBUG] factset_v332.config - download_target_companies_v332:188 - Trying URL 1/2: https://raw.githubusercontent.com/wenchiehlee/GoPublic/refs/heads/main/%E8%A7%80%E5%AF%9F%E5%90%8D%E5%96%AE.csv
2025-06-25 08:13:37.958 [    INFO] factset_v332.config - download_target_companies_v332:205 - Successfully downloaded from URL 1
2025-06-25 08:13:37.958 [    INFO] factset_v332.config - download_target_companies_v332:230 - Saved raw CSV: 觀察名單_raw_20250625_081337.csv
2025-06-25 08:13:37.958 [   DEBUG] factset_v332.config - parse_csv_companies_v332:263 - Starting v3.3.2 enhanced CSV parsing...
2025-06-25 08:13:37.958 [   DEBUG] factset_v332.config - parse_csv_companies_v332:277 - CSV headers: ['代號', '名稱']
2025-06-25 08:13:37.958 [    INFO] factset_v332.config - parse_csv_companies_v332:301 - Using columns: code=0, name=1
2025-06-25 08:13:37.959 [   DEBUG] factset_v332.config - validate_company_data_v332:392 - Name contains invalid characters: 鈺寶-創
2025-06-25 08:13:37.959 [   DEBUG] factset_v332.config - validate_company_data_v332:392 - Name contains invalid characters: 奕力-KY
2025-06-25 08:13:37.959 [   DEBUG] factset_v332.config - validate_company_data_v332:392 - Name contains invalid characters: 意騰-KY
2025-06-25 08:13:37.960 [    INFO] factset_v332.config - parse_csv_companies_v332:334 - CSV processing complete: 113 processed, 3 skipped
2025-06-25 08:13:37.960 [   DEBUG] factset_v332.config - parse_csv_companies_v332:346 - Sample companies:
2025-06-25 08:13:37.960 [   DEBUG] factset_v332.config - parse_csv_companies_v332:348 -   1587: 吉茂
2025-06-25 08:13:37.960 [   DEBUG] factset_v332.config - parse_csv_companies_v332:348 -   2301: 光寶科
2025-06-25 08:13:37.960 [   DEBUG] factset_v332.config - parse_csv_companies_v332:348 -   2303: 聯電
2025-06-25 08:13:37.960 [   DEBUG] factset_v332.config - parse_csv_companies_v332:348 -   2308: 台達電
2025-06-25 08:13:37.960 [   DEBUG] factset_v332.config - parse_csv_companies_v332:348 -   2317: 鴻海
2025-06-25 08:13:37.960 [   DEBUG] factset_v332.config - parse_csv_companies_v332:350 -   ... and 108 more
2025-06-25 08:13:37.960 [    INFO] factset_v332.config - download_target_companies_v332:248 - Downloaded and cached 113 companies (v3.3.2)
2025-06-25 08:13:37.961 [   DEBUG] factset_v332.config - create_directories_v332:621 - Creating/verifying directories...
2025-06-25 08:13:37.961 [    INFO] factset_v332.config - create_directories_v332:649 - Created/verified 15 directories
2025-06-25 08:13:37.961 [    INFO] factset_v332.config - load_config_v332:450 - Configuration loaded successfully: 113 companies
