2025-06-25 06:13:51.855 [    INFO] factset_v332.memory - _create_stage_logger:286 - v3.3.2 stage logger initialized: memory
2025-06-25 06:13:51.855 [   DEBUG] factset_v332.memory - _create_stage_logger:287 - Log file: logs/20250625/memory_061351.log
2025-06-25 06:13:51.855 [    INFO] factset_v332.memory - __init__:197 - Memory manager initialized: 2048MB limit
2025-06-25 08:13:37.994 [   DEBUG] factset_v332.memory - check_memory_usage:213 - Memory usage: 194.4MB / 2048MB
2025-06-25 08:13:38.006 [   DEBUG] factset_v332.memory - check_memory_usage:213 - Memory usage: 194.4MB / 2048MB
2025-06-25 08:13:38.552 [   DEBUG] factset_v332.memory - check_memory_usage:213 - Memory usage: 194.4MB / 2048MB
2025-06-25 08:13:38.570 [   DEBUG] factset_v332.memory - check_memory_usage:213 - Memory usage: 194.8MB / 2048MB
2025-06-25 08:13:38.583 [   DEBUG] factset_v332.memory - check_memory_usage:213 - Memory usage: 194.8MB / 2048MB
2025-06-25 08:13:38.596 [   DEBUG] factset_v332.memory - check_memory_usage:213 - Memory usage: 194.8MB / 2048MB
2025-06-25 08:13:38.966 [   DEBUG] factset_v332.memory - check_memory_usage:213 - Memory usage: 194.8MB / 2048MB
2025-06-25 08:13:39.022 [   DEBUG] factset_v332.memory - check_memory_usage:213 - Memory usage: 194.8MB / 2048MB
2025-06-25 08:13:39.376 [   DEBUG] factset_v332.memory - check_memory_usage:213 - Memory usage: 194.8MB / 2048MB
2025-06-25 08:13:39.472 [   DEBUG] factset_v332.memory - check_memory_usage:213 - Memory usage: 194.8MB / 2048MB
2025-06-25 08:13:39.480 [   DEBUG] factset_v332.memory - check_memory_usage:213 - Memory usage: 194.8MB / 2048MB
2025-06-25 08:13:39.499 [   DEBUG] factset_v332.memory - check_memory_usage:213 - Memory usage: 194.8MB / 2048MB
2025-06-25 08:13:39.512 [   DEBUG] factset_v332.memory - check_memory_usage:213 - Memory usage: 194.8MB / 2048MB
2025-06-25 08:13:39.528 [   DEBUG] factset_v332.memory - check_memory_usage:213 - Memory usage: 194.8MB / 2048MB
2025-06-25 08:13:40.203 [   DEBUG] factset_v332.memory - check_memory_usage:213 - Memory usage: 194.8MB / 2048MB
2025-06-25 08:13:40.254 [   DEBUG] factset_v332.memory - check_memory_usage:213 - Memory usage: 194.8MB / 2048MB
2025-06-25 08:13:40.964 [   DEBUG] factset_v332.memory - check_memory_usage:213 - Memory usage: 194.8MB / 2048MB
2025-06-25 08:13:41.334 [   DEBUG] factset_v332.memory - check_memory_usage:213 - Memory usage: 194.8MB / 2048MB
2025-06-25 08:13:41.346 [   DEBUG] factset_v332.memory - check_memory_usage:213 - Memory usage: 194.8MB / 2048MB
2025-06-25 08:13:41.367 [   DEBUG] factset_v332.memory - check_memory_usage:213 - Memory usage: 194.8MB / 2048MB
2025-06-25 08:13:41.376 [   DEBUG] factset_v332.memory - check_memory_usage:213 - Memory usage: 194.8MB / 2048MB
2025-06-25 08:13:41.400 [   DEBUG] factset_v332.memory - check_memory_usage:213 - Memory usage: 194.8MB / 2048MB
2025-06-25 08:13:41.437 [   DEBUG] factset_v332.memory - check_memory_usage:213 - Memory usage: 194.8MB / 2048MB
2025-06-25 08:13:42.352 [   DEBUG] factset_v332.memory - check_memory_usage:213 - Memory usage: 194.8MB / 2048MB
2025-06-25 08:13:42.360 [   DEBUG] factset_v332.memory - check_memory_usage:213 - Memory usage: 194.8MB / 2048MB
2025-06-25 08:13:42.400 [   DEBUG] factset_v332.memory - check_memory_usage:213 - Memory usage: 194.8MB / 2048MB
2025-06-25 08:13:42.424 [   DEBUG] factset_v332.memory - check_memory_usage:213 - Memory usage: 194.8MB / 2048MB
2025-06-25 08:13:42.464 [   DEBUG] factset_v332.memory - check_memory_usage:213 - Memory usage: 194.8MB / 2048MB
2025-06-25 08:13:42.504 [   DEBUG] factset_v332.memory - check_memory_usage:213 - Memory usage: 194.8MB / 2048MB
2025-06-25 08:13:43.145 [   DEBUG] factset_v332.memory - check_memory_usage:213 - Memory usage: 194.8MB / 2048MB
2025-06-25 08:13:43.830 [    INFO] factset_v332.memory - force_cleanup:224 - Memory cleanup #1 - Peak: 194.8MB
2025-06-25 08:13:43.830 [   DEBUG] factset_v332.memory - check_memory_usage:213 - Memory usage: 194.8MB / 2048MB
2025-06-25 08:13:43.870 [   DEBUG] factset_v332.memory - check_memory_usage:213 - Memory usage: 194.8MB / 2048MB
2025-06-25 08:13:43.892 [   DEBUG] factset_v332.memory - check_memory_usage:213 - Memory usage: 194.8MB / 2048MB
2025-06-25 08:13:43.900 [   DEBUG] factset_v332.memory - check_memory_usage:213 - Memory usage: 194.8MB / 2048MB
2025-06-25 08:13:43.910 [   DEBUG] factset_v332.memory - check_memory_usage:213 - Memory usage: 194.8MB / 2048MB
2025-06-25 08:13:43.920 [   DEBUG] factset_v332.memory - check_memory_usage:213 - Memory usage: 194.8MB / 2048MB
2025-06-25 08:13:46.041 [   DEBUG] factset_v332.memory - check_memory_usage:213 - Memory usage: 194.8MB / 2048MB
2025-06-25 08:13:46.064 [   DEBUG] factset_v332.memory - check_memory_usage:213 - Memory usage: 194.8MB / 2048MB
2025-06-25 08:13:46.073 [   DEBUG] factset_v332.memory - check_memory_usage:213 - Memory usage: 194.8MB / 2048MB
2025-06-25 08:13:46.100 [   DEBUG] factset_v332.memory - check_memory_usage:213 - Memory usage: 194.8MB / 2048MB
2025-06-25 08:13:46.148 [    INFO] factset_v332.memory - force_cleanup:224 - Memory cleanup #2 - Peak: 194.8MB
2025-06-25 08:13:46.149 [   DEBUG] factset_v332.memory - check_memory_usage:213 - Memory usage: 194.8MB / 2048MB
2025-06-25 08:13:46.803 [    INFO] factset_v332.memory - force_cleanup:224 - Memory cleanup #3 - Peak: 194.8MB
2025-06-25 08:13:46.806 [   DEBUG] factset_v332.memory - check_memory_usage:213 - Memory usage: 194.8MB / 2048MB
2025-06-25 08:13:46.834 [   DEBUG] factset_v332.memory - check_memory_usage:213 - Memory usage: 194.8MB / 2048MB
2025-06-25 08:13:46.856 [   DEBUG] factset_v332.memory - check_memory_usage:213 - Memory usage: 194.8MB / 2048MB
2025-06-25 08:13:46.877 [   DEBUG] factset_v332.memory - check_memory_usage:213 - Memory usage: 194.8MB / 2048MB
2025-06-25 08:13:47.987 [   DEBUG] factset_v332.memory - check_memory_usage:213 - Memory usage: 194.8MB / 2048MB
2025-06-25 08:13:48.008 [   DEBUG] factset_v332.memory - check_memory_usage:213 - Memory usage: 194.8MB / 2048MB
2025-06-25 08:13:48.014 [   DEBUG] factset_v332.memory - check_memory_usage:213 - Memory usage: 194.8MB / 2048MB
2025-06-25 08:13:48.050 [   DEBUG] factset_v332.memory - check_memory_usage:213 - Memory usage: 194.8MB / 2048MB
2025-06-25 08:13:48.057 [   DEBUG] factset_v332.memory - check_memory_usage:213 - Memory usage: 194.8MB / 2048MB
2025-06-25 08:13:48.091 [   DEBUG] factset_v332.memory - check_memory_usage:213 - Memory usage: 194.8MB / 2048MB
2025-06-25 08:13:48.783 [   DEBUG] factset_v332.memory - check_memory_usage:213 - Memory usage: 194.8MB / 2048MB
2025-06-25 08:13:48.808 [   DEBUG] factset_v332.memory - check_memory_usage:213 - Memory usage: 194.8MB / 2048MB
2025-06-25 08:13:48.842 [   DEBUG] factset_v332.memory - check_memory_usage:213 - Memory usage: 194.8MB / 2048MB
2025-06-25 08:13:48.927 [   DEBUG] factset_v332.memory - check_memory_usage:213 - Memory usage: 194.8MB / 2048MB
2025-06-25 08:13:48.955 [   DEBUG] factset_v332.memory - check_memory_usage:213 - Memory usage: 194.8MB / 2048MB
2025-06-25 08:13:49.647 [   DEBUG] factset_v332.memory - check_memory_usage:213 - Memory usage: 194.8MB / 2048MB
2025-06-25 08:13:50.283 [   DEBUG] factset_v332.memory - check_memory_usage:213 - Memory usage: 194.8MB / 2048MB
2025-06-25 08:13:50.316 [   DEBUG] factset_v332.memory - check_memory_usage:213 - Memory usage: 194.8MB / 2048MB
2025-06-25 08:13:51.020 [   DEBUG] factset_v332.memory - check_memory_usage:213 - Memory usage: 194.8MB / 2048MB
2025-06-25 08:13:51.028 [   DEBUG] factset_v332.memory - check_memory_usage:213 - Memory usage: 194.8MB / 2048MB
2025-06-25 08:13:51.072 [   DEBUG] factset_v332.memory - check_memory_usage:213 - Memory usage: 194.8MB / 2048MB
2025-06-25 08:13:51.111 [   DEBUG] factset_v332.memory - check_memory_usage:213 - Memory usage: 194.8MB / 2048MB
2025-06-25 08:13:51.119 [   DEBUG] factset_v332.memory - check_memory_usage:213 - Memory usage: 194.8MB / 2048MB
2025-06-25 08:13:52.040 [   DEBUG] factset_v332.memory - check_memory_usage:213 - Memory usage: 194.8MB / 2048MB
2025-06-25 08:13:52.084 [   DEBUG] factset_v332.memory - check_memory_usage:213 - Memory usage: 194.8MB / 2048MB
2025-06-25 08:13:52.129 [   DEBUG] factset_v332.memory - check_memory_usage:213 - Memory usage: 194.8MB / 2048MB
2025-06-25 08:13:52.154 [   DEBUG] factset_v332.memory - check_memory_usage:213 - Memory usage: 194.8MB / 2048MB
2025-06-25 08:13:52.182 [    INFO] factset_v332.memory - force_cleanup:224 - Memory cleanup #4 - Peak: 194.8MB
2025-06-25 08:13:52.183 [   DEBUG] factset_v332.memory - check_memory_usage:213 - Memory usage: 194.8MB / 2048MB
2025-06-25 08:13:52.351 [   DEBUG] factset_v332.memory - check_memory_usage:213 - Memory usage: 194.8MB / 2048MB
2025-06-25 08:13:52.391 [   DEBUG] factset_v332.memory - check_memory_usage:213 - Memory usage: 194.8MB / 2048MB
2025-06-25 08:13:53.076 [   DEBUG] factset_v332.memory - check_memory_usage:213 - Memory usage: 194.8MB / 2048MB
2025-06-25 08:13:53.122 [   DEBUG] factset_v332.memory - check_memory_usage:213 - Memory usage: 194.8MB / 2048MB
2025-06-25 08:13:53.145 [   DEBUG] factset_v332.memory - check_memory_usage:213 - Memory usage: 194.8MB / 2048MB
2025-06-25 08:13:53.154 [   DEBUG] factset_v332.memory - check_memory_usage:213 - Memory usage: 194.8MB / 2048MB
2025-06-25 08:13:53.847 [   DEBUG] factset_v332.memory - check_memory_usage:213 - Memory usage: 194.8MB / 2048MB
2025-06-25 08:13:53.891 [   DEBUG] factset_v332.memory - check_memory_usage:213 - Memory usage: 194.8MB / 2048MB
2025-06-25 08:13:53.935 [   DEBUG] factset_v332.memory - check_memory_usage:213 - Memory usage: 194.8MB / 2048MB
2025-06-25 08:13:54.599 [    INFO] factset_v332.memory - force_cleanup:224 - Memory cleanup #5 - Peak: 194.8MB
2025-06-25 08:13:54.600 [   DEBUG] factset_v332.memory - check_memory_usage:213 - Memory usage: 194.8MB / 2048MB
2025-06-25 08:13:54.644 [   DEBUG] factset_v332.memory - check_memory_usage:213 - Memory usage: 194.8MB / 2048MB
2025-06-25 08:13:54.697 [    INFO] factset_v332.memory - force_cleanup:224 - Memory cleanup #6 - Peak: 194.8MB
2025-06-25 08:13:54.699 [   DEBUG] factset_v332.memory - check_memory_usage:213 - Memory usage: 194.8MB / 2048MB
2025-06-25 08:13:54.803 [   DEBUG] factset_v332.memory - check_memory_usage:213 - Memory usage: 194.8MB / 2048MB
2025-06-25 08:13:54.837 [   DEBUG] factset_v332.memory - check_memory_usage:213 - Memory usage: 194.8MB / 2048MB
2025-06-25 08:13:55.926 [   DEBUG] factset_v332.memory - check_memory_usage:213 - Memory usage: 194.8MB / 2048MB
2025-06-25 08:13:56.559 [   DEBUG] factset_v332.memory - check_memory_usage:213 - Memory usage: 194.8MB / 2048MB
2025-06-25 08:13:56.572 [   DEBUG] factset_v332.memory - check_memory_usage:213 - Memory usage: 194.8MB / 2048MB
2025-06-25 08:13:56.606 [   DEBUG] factset_v332.memory - check_memory_usage:213 - Memory usage: 194.8MB / 2048MB
2025-06-25 08:13:57.235 [   DEBUG] factset_v332.memory - check_memory_usage:213 - Memory usage: 194.8MB / 2048MB
2025-06-25 08:13:57.244 [   DEBUG] factset_v332.memory - check_memory_usage:213 - Memory usage: 194.8MB / 2048MB
2025-06-25 08:13:57.291 [   DEBUG] factset_v332.memory - check_memory_usage:213 - Memory usage: 194.8MB / 2048MB
2025-06-25 08:13:57.337 [   DEBUG] factset_v332.memory - check_memory_usage:213 - Memory usage: 194.8MB / 2048MB
2025-06-25 08:13:58.085 [   DEBUG] factset_v332.memory - check_memory_usage:213 - Memory usage: 194.8MB / 2048MB
2025-06-25 08:13:58.127 [   DEBUG] factset_v332.memory - check_memory_usage:213 - Memory usage: 194.8MB / 2048MB
2025-06-25 08:13:58.173 [   DEBUG] factset_v332.memory - check_memory_usage:213 - Memory usage: 194.8MB / 2048MB
2025-06-25 08:13:58.217 [   DEBUG] factset_v332.memory - check_memory_usage:213 - Memory usage: 194.9MB / 2048MB
2025-06-25 08:13:58.242 [   DEBUG] factset_v332.memory - check_memory_usage:213 - Memory usage: 194.9MB / 2048MB
2025-06-25 08:13:58.273 [   DEBUG] factset_v332.memory - check_memory_usage:213 - Memory usage: 194.9MB / 2048MB
2025-06-25 08:13:58.281 [   DEBUG] factset_v332.memory - check_memory_usage:213 - Memory usage: 194.9MB / 2048MB
2025-06-25 08:13:58.295 [   DEBUG] factset_v332.memory - check_memory_usage:213 - Memory usage: 194.9MB / 2048MB
2025-06-25 08:13:58.329 [   DEBUG] factset_v332.memory - check_memory_usage:213 - Memory usage: 194.9MB / 2048MB
2025-06-25 08:13:59.026 [   DEBUG] factset_v332.memory - check_memory_usage:213 - Memory usage: 194.9MB / 2048MB
2025-06-25 08:13:59.037 [   DEBUG] factset_v332.memory - check_memory_usage:213 - Memory usage: 194.9MB / 2048MB
2025-06-25 08:13:59.045 [   DEBUG] factset_v332.memory - check_memory_usage:213 - Memory usage: 194.9MB / 2048MB
2025-06-25 08:13:59.055 [   DEBUG] factset_v332.memory - check_memory_usage:213 - Memory usage: 194.9MB / 2048MB
2025-06-25 08:13:59.092 [    INFO] factset_v332.memory - force_cleanup:224 - Memory cleanup #7 - Peak: 194.9MB
2025-06-25 08:13:59.093 [   DEBUG] factset_v332.memory - check_memory_usage:213 - Memory usage: 194.9MB / 2048MB
2025-06-25 08:13:59.108 [   DEBUG] factset_v332.memory - check_memory_usage:213 - Memory usage: 194.9MB / 2048MB
2025-06-25 08:13:59.130 [   DEBUG] factset_v332.memory - check_memory_usage:213 - Memory usage: 194.9MB / 2048MB
2025-06-25 08:13:59.138 [   DEBUG] factset_v332.memory - check_memory_usage:213 - Memory usage: 194.9MB / 2048MB
2025-06-25 08:13:59.146 [   DEBUG] factset_v332.memory - check_memory_usage:213 - Memory usage: 194.9MB / 2048MB
2025-06-25 08:13:59.160 [   DEBUG] factset_v332.memory - check_memory_usage:213 - Memory usage: 194.9MB / 2048MB
2025-06-25 08:13:59.856 [   DEBUG] factset_v332.memory - check_memory_usage:213 - Memory usage: 194.9MB / 2048MB
2025-06-25 08:14:00.522 [   DEBUG] factset_v332.memory - check_memory_usage:213 - Memory usage: 194.9MB / 2048MB
2025-06-25 08:14:00.561 [   DEBUG] factset_v332.memory - check_memory_usage:213 - Memory usage: 194.9MB / 2048MB
2025-06-25 08:14:00.584 [   DEBUG] factset_v332.memory - check_memory_usage:213 - Memory usage: 194.9MB / 2048MB
2025-06-25 08:14:00.692 [    INFO] factset_v332.memory - force_cleanup:224 - Memory cleanup #8 - Peak: 194.9MB
2025-06-25 08:14:00.693 [   DEBUG] factset_v332.memory - check_memory_usage:213 - Memory usage: 194.9MB / 2048MB
2025-06-25 08:14:00.702 [   DEBUG] factset_v332.memory - check_memory_usage:213 - Memory usage: 194.9MB / 2048MB
2025-06-25 08:14:00.714 [   DEBUG] factset_v332.memory - check_memory_usage:213 - Memory usage: 194.9MB / 2048MB
2025-06-25 08:14:00.730 [   DEBUG] factset_v332.memory - check_memory_usage:213 - Memory usage: 194.9MB / 2048MB
2025-06-25 08:14:00.777 [    INFO] factset_v332.memory - force_cleanup:224 - Memory cleanup #9 - Peak: 194.9MB
2025-06-25 08:14:00.780 [   DEBUG] factset_v332.memory - check_memory_usage:213 - Memory usage: 194.9MB / 2048MB
2025-06-25 08:14:00.798 [   DEBUG] factset_v332.memory - check_memory_usage:213 - Memory usage: 194.9MB / 2048MB
2025-06-25 08:14:01.442 [   DEBUG] factset_v332.memory - check_memory_usage:213 - Memory usage: 194.9MB / 2048MB
2025-06-25 08:14:02.470 [   DEBUG] factset_v332.memory - check_memory_usage:213 - Memory usage: 194.9MB / 2048MB
2025-06-25 08:14:03.007 [   DEBUG] factset_v332.memory - check_memory_usage:213 - Memory usage: 194.9MB / 2048MB
2025-06-25 08:14:03.024 [   DEBUG] factset_v332.memory - check_memory_usage:213 - Memory usage: 194.9MB / 2048MB
2025-06-25 08:14:03.041 [   DEBUG] factset_v332.memory - check_memory_usage:213 - Memory usage: 194.9MB / 2048MB
2025-06-25 08:14:03.645 [   DEBUG] factset_v332.memory - check_memory_usage:213 - Memory usage: 194.9MB / 2048MB
2025-06-25 08:14:03.668 [   DEBUG] factset_v332.memory - check_memory_usage:213 - Memory usage: 194.9MB / 2048MB
2025-06-25 08:14:03.681 [   DEBUG] factset_v332.memory - check_memory_usage:213 - Memory usage: 194.9MB / 2048MB
2025-06-25 08:14:03.748 [    INFO] factset_v332.memory - force_cleanup:224 - Memory cleanup #10 - Peak: 194.9MB
2025-06-25 08:14:03.748 [   DEBUG] factset_v332.memory - check_memory_usage:213 - Memory usage: 194.9MB / 2048MB
2025-06-25 08:14:04.228 [   DEBUG] factset_v332.memory - check_memory_usage:213 - Memory usage: 194.9MB / 2048MB
2025-06-25 08:14:06.862 [   DEBUG] factset_v332.memory - check_memory_usage:213 - Memory usage: 194.9MB / 2048MB
2025-06-25 08:14:06.874 [   DEBUG] factset_v332.memory - check_memory_usage:213 - Memory usage: 194.9MB / 2048MB
2025-06-25 08:14:06.924 [   DEBUG] factset_v332.memory - check_memory_usage:213 - Memory usage: 194.9MB / 2048MB
2025-06-25 08:14:06.941 [   DEBUG] factset_v332.memory - check_memory_usage:213 - Memory usage: 194.9MB / 2048MB
2025-06-25 08:14:09.890 [   DEBUG] factset_v332.memory - check_memory_usage:213 - Memory usage: 194.9MB / 2048MB
2025-06-25 08:14:09.914 [   DEBUG] factset_v332.memory - check_memory_usage:213 - Memory usage: 194.9MB / 2048MB
2025-06-25 08:14:09.923 [   DEBUG] factset_v332.memory - check_memory_usage:213 - Memory usage: 194.9MB / 2048MB
2025-06-25 08:14:09.932 [   DEBUG] factset_v332.memory - check_memory_usage:213 - Memory usage: 194.9MB / 2048MB
2025-06-25 08:14:09.955 [    INFO] factset_v332.memory - force_cleanup:224 - Memory cleanup #11 - Peak: 194.9MB
2025-06-25 08:14:09.956 [   DEBUG] factset_v332.memory - check_memory_usage:213 - Memory usage: 194.9MB / 2048MB
2025-06-25 08:14:10.597 [   DEBUG] factset_v332.memory - check_memory_usage:213 - Memory usage: 194.9MB / 2048MB
2025-06-25 08:14:10.615 [   DEBUG] factset_v332.memory - check_memory_usage:213 - Memory usage: 194.9MB / 2048MB
2025-06-25 08:14:13.110 [   DEBUG] factset_v332.memory - check_memory_usage:213 - Memory usage: 194.9MB / 2048MB
2025-06-25 08:16:46.301 [   DEBUG] factset_v332.memory - check_memory_usage:213 - Memory usage: 194.9MB / 2048MB
2025-06-25 08:19:19.384 [   DEBUG] factset_v332.memory - check_memory_usage:213 - Memory usage: 194.9MB / 2048MB
2025-06-25 08:19:19.422 [   DEBUG] factset_v332.memory - check_memory_usage:213 - Memory usage: 194.9MB / 2048MB
2025-06-25 08:21:52.677 [    INFO] factset_v332.memory - force_cleanup:224 - Memory cleanup #12 - Peak: 194.9MB
2025-06-25 08:21:52.679 [   DEBUG] factset_v332.memory - check_memory_usage:213 - Memory usage: 194.9MB / 2048MB
2025-06-25 08:21:52.700 [   DEBUG] factset_v332.memory - check_memory_usage:213 - Memory usage: 194.9MB / 2048MB
2025-06-25 08:21:52.711 [   DEBUG] factset_v332.memory - check_memory_usage:213 - Memory usage: 194.9MB / 2048MB
2025-06-25 08:21:53.560 [   DEBUG] factset_v332.memory - check_memory_usage:213 - Memory usage: 194.9MB / 2048MB
2025-06-25 08:31:41.704 [   DEBUG] factset_v332.memory - check_memory_usage:213 - Memory usage: 194.9MB / 2048MB
2025-06-25 08:31:41.718 [   DEBUG] factset_v332.memory - check_memory_usage:213 - Memory usage: 194.9MB / 2048MB
2025-06-25 08:31:41.737 [   DEBUG] factset_v332.memory - check_memory_usage:213 - Memory usage: 194.9MB / 2048MB
2025-06-25 08:31:41.754 [   DEBUG] factset_v332.memory - check_memory_usage:213 - Memory usage: 194.9MB / 2048MB
