2025-06-25 06:13:51.535 [    INFO] factset_v332.pipeline - _create_stage_logger:286 - v3.3.2 stage logger initialized: pipeline
2025-06-25 06:13:51.535 [   DEBUG] factset_v332.pipeline - _create_stage_logger:287 - Log file: logs/20250625/pipeline_061351.log
2025-06-25 06:13:51.535 [    INFO] factset_v332.pipeline - _execute_stage_with_monitoring:281 - Starting stage: pipeline
2025-06-25 06:13:51.536 [    INFO] factset_v332.pipeline - _execute_stage_with_monitoring:282 - Description: Complete pipeline execution
2025-06-25 06:13:51.536 [   DEBUG] factset_v332.pipeline - _execute_stage_with_monitoring:283 - Parameters: {'mode': 'intelligent', 'memory_limit': 1024, 'batch_size': 25, 'log_level': 'info', 'github_actions': True, 'skip_phases': None}
2025-06-25 06:13:51.536 [   DEBUG] factset_v332.pipeline - time_operation:424 - Starting operation: stage_pipeline
2025-06-25 06:13:51.536 [    INFO] factset_v332.pipeline - _run_pipeline_stage:784 - Starting complete pipeline execution...
2025-06-25 06:13:51.556 [    INFO] factset_v332.pipeline - setup_logging_v332:183 - v3.3.2 enhanced logging system initialized
2025-06-25 06:13:51.855 [    INFO] factset_v332.pipeline - __init__:812 - Memory manager initialized
2025-06-25 06:13:51.855 [   DEBUG] factset_v332.pipeline - _setup_directories_v332:957 - Setting up directories...
2025-06-25 06:13:51.855 [    INFO] factset_v332.pipeline - _setup_directories_v332:978 - Setup complete: 7 directories
2025-06-25 06:13:51.855 [    INFO] factset_v332.pipeline - __init__:824 - Enhanced FactSet Pipeline v3.3.2 initialized
2025-06-25 06:13:51.855 [    INFO] factset_v332.pipeline - run_complete_pipeline_v332:1053 - Enhanced FactSet Pipeline v3.3.2
2025-06-25 06:13:51.855 [    INFO] factset_v332.pipeline - run_complete_pipeline_v332:1054 - Date: 2025-06-24
2025-06-25 06:13:51.855 [    INFO] factset_v332.pipeline - run_complete_pipeline_v332:1055 - v3.3.2: Enhanced Logging, Performance Monitoring & Cross-platform Support
2025-06-25 06:13:51.855 [    INFO] factset_v332.pipeline - run_complete_pipeline_v332:1056 - All v3.3.1 Comprehensive Fixes Maintained
2025-06-25 06:13:51.855 [    INFO] factset_v332.pipeline - run_complete_pipeline_v332:1057 - ================================================================================
2025-06-25 06:13:51.855 [   DEBUG] factset_v332.pipeline - time_operation:424 - Starting operation: complete_pipeline
2025-06-25 06:13:51.855 [    INFO] factset_v332.pipeline - analyze_existing_data_v332:982 - Analyzing existing data (v3.3.2)...
2025-06-25 06:13:51.856 [   DEBUG] factset_v332.pipeline - time_operation:424 - Starting operation: analyze_existing_data
2025-06-25 06:13:51.856 [    INFO] factset_v332.pipeline - analyze_existing_data_v332:994 - Found 244 MD files
2025-06-25 06:13:51.904 [    INFO] factset_v332.pipeline - analyze_existing_data_v332:1031 - Analysis: 244 files, 244 quality (100.0%), 0 companies
2025-06-25 06:13:51.904 [    INFO] factset_v332.pipeline - time_operation:437 - Completed analyze_existing_data in 0.05s
2025-06-25 06:13:52.086 [    INFO] factset_v332.pipeline - run_complete_pipeline_v332:1072 - Target Companies: 116 (v3.3.2)
2025-06-25 06:13:52.086 [    INFO] factset_v332.pipeline - run_complete_pipeline_v332:1079 - 🔍 Enhanced Search Phase (v3.3.2)
2025-06-25 08:13:37.811 [    INFO] factset_v332.pipeline - run_enhanced_search_phase_v332:1188 - Search completed: 1365 files generated
2025-06-25 08:13:37.811 [    INFO] factset_v332.pipeline - run_complete_pipeline_v332:1083 - Search phase completed
2025-06-25 08:13:37.811 [    INFO] factset_v332.pipeline - run_complete_pipeline_v332:1098 - 📊 Enhanced Processing Phase (v3.3.2)
2025-06-25 08:13:37.811 [   DEBUG] factset_v332.pipeline - time_operation:424 - Starting operation: data_processing
