2025-06-25 14:55:22.704 [    INFO] factset_v332.pipeline - _create_stage_logger:286 - v3.3.2 stage logger initialized: pipeline
2025-06-25 14:55:22.704 [   DEBUG] factset_v332.pipeline - _create_stage_logger:287 - Log file: logs/20250625/pipeline_145522.log
2025-06-25 14:55:22.704 [    INFO] factset_v332.pipeline - _execute_stage_with_monitoring:401 - Starting stage: pipeline
2025-06-25 14:55:22.704 [    INFO] factset_v332.pipeline - _execute_stage_with_monitoring:402 - Description: Complete pipeline execution
2025-06-25 14:55:22.704 [   DEBUG] factset_v332.pipeline - _execute_stage_with_monitoring:403 - Parameters: {'mode': 'intelligent', 'memory_limit': 2048, 'batch_size': 50, 'log_level': 'info', 'github_actions': True, 'skip_phases': None, 'v333': True, 'quality_scoring': True}
2025-06-25 14:55:22.704 [    INFO] factset_v332.pipeline - _execute_stage_with_monitoring:407 - Quality scoring enabled for pipeline
2025-06-25 14:55:22.704 [   DEBUG] factset_v332.pipeline - time_operation:424 - Starting operation: stage_pipeline
2025-06-25 14:55:22.704 [    INFO] factset_v332.pipeline - _run_pipeline_stage:945 - Starting complete pipeline execution...
2025-06-25 14:55:22.728 [    INFO] factset_v332.pipeline - setup_logging_v333:265 - v3.3.3 enhanced logging system initialized
2025-06-25 14:55:23.115 [    INFO] factset_v332.pipeline - __init__:945 - Memory manager initialized
2025-06-25 14:55:23.115 [   DEBUG] factset_v332.pipeline - _setup_directories_v333:1107 - Setting up directories...
2025-06-25 14:55:23.115 [    INFO] factset_v332.pipeline - _setup_directories_v333:1128 - Setup complete: 7 directories
2025-06-25 14:55:23.115 [    INFO] factset_v332.pipeline - __init__:957 - Enhanced FactSet Pipeline v3.3.3 initialized
2025-06-25 14:55:23.115 [    INFO] factset_v332.pipeline - run_complete_pipeline_v333:967 - Enhanced FactSet Pipeline v3.3.3
2025-06-25 14:55:23.115 [    INFO] factset_v332.pipeline - run_complete_pipeline_v333:968 - Date: 2025-06-24
2025-06-25 14:55:23.115 [    INFO] factset_v332.pipeline - run_complete_pipeline_v333:969 - v3.3.3: Final Integrated Edition with Quality Scoring
2025-06-25 14:55:23.115 [    INFO] factset_v332.pipeline - run_complete_pipeline_v333:970 - All v3.3.2 + v3.3.1 Comprehensive Fixes Maintained
2025-06-25 14:55:23.115 [    INFO] factset_v332.pipeline - run_complete_pipeline_v333:971 - ================================================================================
2025-06-25 14:55:23.116 [   DEBUG] factset_v332.pipeline - time_operation:424 - Starting operation: complete_pipeline
2025-06-25 14:55:23.116 [    INFO] factset_v332.pipeline - analyze_existing_data_v333:1132 - Analyzing existing data (v3.3.3)...
2025-06-25 14:55:23.116 [   DEBUG] factset_v332.pipeline - time_operation:424 - Starting operation: analyze_existing_data
2025-06-25 14:55:23.119 [    INFO] factset_v332.pipeline - analyze_existing_data_v333:1144 - Found 1365 MD files
2025-06-25 14:55:23.658 [    INFO] factset_v332.pipeline - analyze_existing_data_v333:1198 - Analysis: 1365 files, 1270 quality (93.0%), 169 companies
2025-06-25 14:55:23.658 [    INFO] factset_v332.pipeline - analyze_existing_data_v333:1200 - Average quality score: 9.0/10
2025-06-25 14:55:23.658 [    INFO] factset_v332.pipeline - time_operation:437 - Completed analyze_existing_data in 0.54s
2025-06-25 14:55:23.891 [    INFO] factset_v332.pipeline - run_complete_pipeline_v333:986 - Target Companies: 116 (v3.3.3)
2025-06-25 14:55:23.891 [    INFO] factset_v332.pipeline - run_complete_pipeline_v333:993 - 🔍 Enhanced Search Phase (v3.3.3)
