2025-06-25 03:33:28.076 [    INFO] factset_v332.pipeline - _create_stage_logger:286 - v3.3.2 stage logger initialized: pipeline
2025-06-25 03:33:28.076 [   DEBUG] factset_v332.pipeline - _create_stage_logger:287 - Log file: logs/20250625/pipeline_033328.log
2025-06-25 03:33:28.076 [    INFO] factset_v332.pipeline - _execute_stage_with_monitoring:281 - Starting stage: pipeline
2025-06-25 03:33:28.076 [    INFO] factset_v332.pipeline - _execute_stage_with_monitoring:282 - Description: Complete pipeline execution
2025-06-25 03:33:28.076 [   DEBUG] factset_v332.pipeline - _execute_stage_with_monitoring:283 - Parameters: {'mode': 'intelligent', 'memory_limit': 1024, 'batch_size': 25, 'log_level': 'info', 'github_actions': True, 'skip_phases': None}
2025-06-25 03:33:28.077 [   DEBUG] factset_v332.pipeline - time_operation:424 - Starting operation: stage_pipeline
2025-06-25 03:33:28.077 [    INFO] factset_v332.pipeline - _run_pipeline_stage:784 - Starting complete pipeline execution...
2025-06-25 03:33:28.163 [    INFO] factset_v332.pipeline - setup_logging_v332:183 - v3.3.2 enhanced logging system initialized
2025-06-25 03:33:28.879 [    INFO] factset_v332.pipeline - __init__:812 - Memory manager initialized
2025-06-25 03:33:28.879 [   DEBUG] factset_v332.pipeline - _setup_directories_v332:957 - Setting up directories...
2025-06-25 03:33:28.879 [    INFO] factset_v332.pipeline - _setup_directories_v332:978 - Setup complete: 7 directories
2025-06-25 03:33:28.879 [    INFO] factset_v332.pipeline - __init__:824 - Enhanced FactSet Pipeline v3.3.2 initialized
2025-06-25 03:33:28.879 [    INFO] factset_v332.pipeline - run_complete_pipeline_v332:1053 - Enhanced FactSet Pipeline v3.3.2
2025-06-25 03:33:28.879 [    INFO] factset_v332.pipeline - run_complete_pipeline_v332:1054 - Date: 2025-06-24
2025-06-25 03:33:28.879 [    INFO] factset_v332.pipeline - run_complete_pipeline_v332:1055 - v3.3.2: Enhanced Logging, Performance Monitoring & Cross-platform Support
2025-06-25 03:33:28.879 [    INFO] factset_v332.pipeline - run_complete_pipeline_v332:1056 - All v3.3.1 Comprehensive Fixes Maintained
2025-06-25 03:33:28.880 [    INFO] factset_v332.pipeline - run_complete_pipeline_v332:1057 - ================================================================================
2025-06-25 03:33:28.880 [   DEBUG] factset_v332.pipeline - time_operation:424 - Starting operation: complete_pipeline
2025-06-25 03:33:28.880 [    INFO] factset_v332.pipeline - analyze_existing_data_v332:982 - Analyzing existing data (v3.3.2)...
2025-06-25 03:33:28.880 [   DEBUG] factset_v332.pipeline - time_operation:424 - Starting operation: analyze_existing_data
2025-06-25 03:33:28.880 [    INFO] factset_v332.pipeline - analyze_existing_data_v332:994 - Found 84 MD files
2025-06-25 03:33:28.907 [    INFO] factset_v332.pipeline - analyze_existing_data_v332:1031 - Analysis: 84 files, 84 quality (100.0%), 0 companies
2025-06-25 03:33:28.908 [    INFO] factset_v332.pipeline - time_operation:437 - Completed analyze_existing_data in 0.03s
2025-06-25 03:33:29.162 [    INFO] factset_v332.pipeline - run_complete_pipeline_v332:1072 - Target Companies: 116 (v3.3.2)
2025-06-25 03:33:29.162 [    INFO] factset_v332.pipeline - run_complete_pipeline_v332:1079 - 🔍 Enhanced Search Phase (v3.3.2)
